[0912/174435.862:INFO:CONSOLE(139)] "Event handler of 'x-storagemutated-1' event must be added on the initial evaluation of worker script.", source: https://static.whatsapp.net/rsrc.php/v3/ye/r/m9ipEDJy0zd.js?_nc_x=Ij3Wp8lg5Kz (139)
[0912/174436.143:INFO:CONSOLE(0)] "Error with Permissions-Policy header: Feature xr-spatial-tracking's parameters are ignored.", source:  (0)
[0912/174436.144:INFO:CONSOLE(0)] "Error with Permissions-Policy header: Origin trial controlled feature not enabled: 'attribution-reporting'.", source:  (0)
[0912/174436.144:INFO:CONSOLE(0)] "Error with Permissions-Policy header: Unrecognized feature: 'compute-pressure'.", source:  (0)
[0912/174436.144:INFO:CONSOLE(0)] "Error with Permissions-Policy header: Origin trial controlled feature not enabled: 'interest-cohort'.", source:  (0)
[0912/174436.144:INFO:CONSOLE(0)] "Error with Permissions-Policy header: Unrecognized feature: 'private-state-token-issuance'.", source:  (0)
[0912/174436.144:INFO:CONSOLE(0)] "Error with Permissions-Policy header: Origin trial controlled feature not enabled: 'shared-storage'.", source:  (0)
[0912/174436.144:INFO:CONSOLE(0)] "Error with Permissions-Policy header: Unrecognized feature: 'shared-storage-select-url'.", source:  (0)
[0912/174436.144:INFO:CONSOLE(0)] "Error with Permissions-Policy header: Unrecognized feature: 'private-state-token-redemption'.", source:  (0)
[0912/174436.144:INFO:CONSOLE(0)] "Error with Permissions-Policy header: Unrecognized feature: 'unload'.", source:  (0)
[0912/174436.144:INFO:CONSOLE(0)] "Error with Permissions-Policy header: Unrecognized feature: 'window-management'.", source:  (0)
[0912/174439.337:INFO:CONSOLE(343)] "WAWebLoggerWorker initialized", source: https://static.whatsapp.net/rsrc.php/v3/yJ/r/A5eXv_YxkKX.js?_nc_x=Ij3Wp8lg5Kz (343)
[0912/174439.338:INFO:CONSOLE(343)] "[storage] start setSchemaVersions from fts worker interface", source: https://static.whatsapp.net/rsrc.php/v3/yJ/r/A5eXv_YxkKX.js?_nc_x=Ij3Wp8lg5Kz (343)
[0912/174439.339:INFO:CONSOLE(343)] "[storage] set schema versions: [model-storage,158,fts-storage,8,jobs-storage,1,lru-media-storage-idb,2,offd-storage,4,qpl-storage,0,signal-storage,6,worker-storage,1,sw,2,wawc,14,wawc_db_enc,2]. is worker? true", source: https://static.whatsapp.net/rsrc.php/v3/yJ/r/A5eXv_YxkKX.js?_nc_x=Ij3Wp8lg5Kz (343)
[0912/174441.036:INFO:CONSOLE(343)] "FTS:Delegate: start indexer", source: https://static.whatsapp.net/rsrc.php/v3/yJ/r/A5eXv_YxkKX.js?_nc_x=Ij3Wp8lg5Kz (343)
[0912/174441.036:INFO:CONSOLE(343)] "FTS:Delegate: start perform init", source: https://static.whatsapp.net/rsrc.php/v3/yJ/r/A5eXv_YxkKX.js?_nc_x=Ij3Wp8lg5Kz (343)
[0912/174441.037:INFO:CONSOLE(343)] "FTS:Delegate: schema versions ready", source: https://static.whatsapp.net/rsrc.php/v3/yJ/r/A5eXv_YxkKX.js?_nc_x=Ij3Wp8lg5Kz (343)
[0912/174441.037:INFO:CONSOLE(343)] "FTS:Delegate: before db initialization", source: https://static.whatsapp.net/rsrc.php/v3/yJ/r/A5eXv_YxkKX.js?_nc_x=Ij3Wp8lg5Kz (343)
[0912/174441.037:INFO:CONSOLE(343)] "[storage] applying schema versions from [0 to 8] for the database: 'fts-storage'", source: https://static.whatsapp.net/rsrc.php/v3/yJ/r/A5eXv_YxkKX.js?_nc_x=Ij3Wp8lg5Kz (343)
[0912/174441.094:INFO:CONSOLE(343)] "[storage] skipping version 159 for table 'acs-tokens' since it is higher than max version to rollout 158", source: https://static.whatsapp.net/rsrc.php/v3/yJ/r/A5eXv_YxkKX.js?_nc_x=Ij3Wp8lg5Kz (343)
[0912/174441.094:INFO:CONSOLE(343)] "[storage] applying schema versions from [0 to 158] for the database: 'model-storage'", source: https://static.whatsapp.net/rsrc.php/v3/yJ/r/A5eXv_YxkKX.js?_nc_x=Ij3Wp8lg5Kz (343)
[0912/174442.800:INFO:CONSOLE(343)] "FTS:Delegate: after db initialization", source: https://static.whatsapp.net/rsrc.php/v3/yJ/r/A5eXv_YxkKX.js?_nc_x=Ij3Wp8lg5Kz (343)
[0912/174442.803:INFO:CONSOLE(343)] "FTS:Manifest Writer: No changes made, current:['3.1', '1'], latest:['3.1', '1']", source: https://static.whatsapp.net/rsrc.php/v3/yJ/r/A5eXv_YxkKX.js?_nc_x=Ij3Wp8lg5Kz (343)
[0912/174442.803:INFO:CONSOLE(343)] "FTS:Delegate: Inited", source: https://static.whatsapp.net/rsrc.php/v3/yJ/r/A5eXv_YxkKX.js?_nc_x=Ij3Wp8lg5Kz (343)
[0912/174442.803:INFO:CONSOLE(343)] "FTS:Delegate: Init indexing ops", source: https://static.whatsapp.net/rsrc.php/v3/yJ/r/A5eXv_YxkKX.js?_nc_x=Ij3Wp8lg5Kz (343)
[0912/174442.811:INFO:CONSOLE(343)] "FTS:Indexer:indexQueuedBatch: Starting new batch size : 1000", source: https://static.whatsapp.net/rsrc.php/v3/yJ/r/A5eXv_YxkKX.js?_nc_x=Ij3Wp8lg5Kz (343)
[0912/174442.813:INFO:CONSOLE(343)] "FTS:Indexer:indexQueuedBatch: Completed", source: https://static.whatsapp.net/rsrc.php/v3/yJ/r/A5eXv_YxkKX.js?_nc_x=Ij3Wp8lg5Kz (343)
[0912/180539.141:INFO:CONSOLE(343)] "FTS:Indexer:indexQueuedBatch: Starting new batch size : 1000", source: https://static.whatsapp.net/rsrc.php/v3/yJ/r/A5eXv_YxkKX.js?_nc_x=Ij3Wp8lg5Kz (343)
[0912/180539.166:INFO:CONSOLE(343)] "FTS:Indexer:indexQueuedBatch: Completed", source: https://static.whatsapp.net/rsrc.php/v3/yJ/r/A5eXv_YxkKX.js?_nc_x=Ij3Wp8lg5Kz (343)
[0912/180539.727:INFO:CONSOLE(139)] "Event handler of 'x-storagemutated-1' event must be added on the initial evaluation of worker script.", source: https://static.whatsapp.net/rsrc.php/v3/ye/r/m9ipEDJy0zd.js?_nc_x=Ij3Wp8lg5Kz (139)
[0912/180601.224:INFO:CONSOLE(343)] "FTS:Indexer:indexQueuedBatch: Starting new batch size : 1000", source: https://static.whatsapp.net/rsrc.php/v3/yJ/r/A5eXv_YxkKX.js?_nc_x=Ij3Wp8lg5Kz (343)
[0912/180601.242:INFO:CONSOLE(343)] "FTS:Indexer:indexQueuedBatch: Completed", source: https://static.whatsapp.net/rsrc.php/v3/yJ/r/A5eXv_YxkKX.js?_nc_x=Ij3Wp8lg5Kz (343)
