[0910/113012.749:INFO:CONSOLE(150)] "Event handler of 'x-storagemutated-1' event must be added on the initial evaluation of worker script.", source: https://static.whatsapp.net/rsrc.php/v3/ym/r/ljvHD2HLQ-p.js?_nc_x=Ij3Wp8lg5Kz (150)
[0910/113013.041:INFO:CONSOLE(0)] "Error with Permissions-Policy header: Feature xr-spatial-tracking's parameters are ignored.", source:  (0)
[0910/113013.042:INFO:CONSOLE(0)] "Error with Permissions-Policy header: Origin trial controlled feature not enabled: 'attribution-reporting'.", source:  (0)
[0910/113013.042:INFO:CONSOLE(0)] "Error with Permissions-Policy header: Unrecognized feature: 'compute-pressure'.", source:  (0)
[0910/113013.042:INFO:CONSOLE(0)] "Error with Permissions-Policy header: Origin trial controlled feature not enabled: 'interest-cohort'.", source:  (0)
[0910/113013.042:INFO:CONSOLE(0)] "Error with Permissions-Policy header: Unrecognized feature: 'private-state-token-issuance'.", source:  (0)
[0910/113013.042:INFO:CONSOLE(0)] "Error with Permissions-Policy header: Origin trial controlled feature not enabled: 'shared-storage'.", source:  (0)
[0910/113013.042:INFO:CONSOLE(0)] "Error with Permissions-Policy header: Unrecognized feature: 'shared-storage-select-url'.", source:  (0)
[0910/113013.042:INFO:CONSOLE(0)] "Error with Permissions-Policy header: Unrecognized feature: 'private-state-token-redemption'.", source:  (0)
[0910/113013.042:INFO:CONSOLE(0)] "Error with Permissions-Policy header: Unrecognized feature: 'unload'.", source:  (0)
[0910/113013.042:INFO:CONSOLE(0)] "Error with Permissions-Policy header: Unrecognized feature: 'window-management'.", source:  (0)
[0910/113016.330:INFO:CONSOLE(343)] "WAWebLoggerWorker initialized", source: https://static.whatsapp.net/rsrc.php/v3/ys/r/8Gg2mHtqDvx.js?_nc_x=Ij3Wp8lg5Kz (343)
[0910/113016.331:INFO:CONSOLE(343)] "[storage] start setSchemaVersions from fts worker interface", source: https://static.whatsapp.net/rsrc.php/v3/ys/r/8Gg2mHtqDvx.js?_nc_x=Ij3Wp8lg5Kz (343)
[0910/113016.332:INFO:CONSOLE(343)] "[storage] set schema versions: [model-storage,158,fts-storage,8,jobs-storage,1,lru-media-storage-idb,2,offd-storage,4,qpl-storage,0,signal-storage,6,worker-storage,1,sw,2,wawc,14,wawc_db_enc,2]. is worker? true", source: https://static.whatsapp.net/rsrc.php/v3/ys/r/8Gg2mHtqDvx.js?_nc_x=Ij3Wp8lg5Kz (343)
[0910/113019.703:INFO:CONSOLE(343)] "FTS:Delegate: start indexer", source: https://static.whatsapp.net/rsrc.php/v3/ys/r/8Gg2mHtqDvx.js?_nc_x=Ij3Wp8lg5Kz (343)
[0910/113019.703:INFO:CONSOLE(343)] "FTS:Delegate: start perform init", source: https://static.whatsapp.net/rsrc.php/v3/ys/r/8Gg2mHtqDvx.js?_nc_x=Ij3Wp8lg5Kz (343)
[0910/113019.703:INFO:CONSOLE(343)] "FTS:Delegate: schema versions ready", source: https://static.whatsapp.net/rsrc.php/v3/ys/r/8Gg2mHtqDvx.js?_nc_x=Ij3Wp8lg5Kz (343)
[0910/113019.703:INFO:CONSOLE(343)] "FTS:Delegate: before db initialization", source: https://static.whatsapp.net/rsrc.php/v3/ys/r/8Gg2mHtqDvx.js?_nc_x=Ij3Wp8lg5Kz (343)
[0910/113019.727:INFO:CONSOLE(343)] "[storage] skipping version 159 for table 'acs-tokens' since it is higher than max version to rollout 158", source: https://static.whatsapp.net/rsrc.php/v3/ys/r/8Gg2mHtqDvx.js?_nc_x=Ij3Wp8lg5Kz (343)
[0910/113022.058:INFO:CONSOLE(343)] "FTS:Delegate: after db initialization", source: https://static.whatsapp.net/rsrc.php/v3/ys/r/8Gg2mHtqDvx.js?_nc_x=Ij3Wp8lg5Kz (343)
[0910/113022.059:INFO:CONSOLE(343)] "FTS:Manifest Writer: No changes made, current:['3.1', '1'], latest:['3.1', '1']", source: https://static.whatsapp.net/rsrc.php/v3/ys/r/8Gg2mHtqDvx.js?_nc_x=Ij3Wp8lg5Kz (343)
[0910/113022.059:INFO:CONSOLE(343)] "FTS:Delegate: Inited", source: https://static.whatsapp.net/rsrc.php/v3/ys/r/8Gg2mHtqDvx.js?_nc_x=Ij3Wp8lg5Kz (343)
[0910/113022.059:INFO:CONSOLE(343)] "FTS:Delegate: Init indexing ops", source: https://static.whatsapp.net/rsrc.php/v3/ys/r/8Gg2mHtqDvx.js?_nc_x=Ij3Wp8lg5Kz (343)
[0910/113022.059:INFO:CONSOLE(343)] "FTS:Indexer:indexQueuedBatch: Starting new batch size : 1000", source: https://static.whatsapp.net/rsrc.php/v3/ys/r/8Gg2mHtqDvx.js?_nc_x=Ij3Wp8lg5Kz (343)
[0910/113022.060:INFO:CONSOLE(343)] "FTS:Indexer:indexQueuedBatch: Completed", source: https://static.whatsapp.net/rsrc.php/v3/ys/r/8Gg2mHtqDvx.js?_nc_x=Ij3Wp8lg5Kz (343)
[0910/113033.616:INFO:CONSOLE(343)] "FTS:Indexer:indexQueuedBatch: Starting new batch size : 1000", source: https://static.whatsapp.net/rsrc.php/v3/ys/r/8Gg2mHtqDvx.js?_nc_x=Ij3Wp8lg5Kz (343)
[0910/113033.627:INFO:CONSOLE(343)] "FTS:Indexer:indexQueuedBatch: Completed batch", source: https://static.whatsapp.net/rsrc.php/v3/ys/r/8Gg2mHtqDvx.js?_nc_x=Ij3Wp8lg5Kz (343)
[0910/113033.632:INFO:CONSOLE(343)] "FTS:Indexer:indexQueuedBatch: Completed", source: https://static.whatsapp.net/rsrc.php/v3/ys/r/8Gg2mHtqDvx.js?_nc_x=Ij3Wp8lg5Kz (343)
[0910/113033.700:INFO:CONSOLE(343)] "FTS:Indexer:indexQueuedBatch: Starting new batch size : 1000", source: https://static.whatsapp.net/rsrc.php/v3/ys/r/8Gg2mHtqDvx.js?_nc_x=Ij3Wp8lg5Kz (343)
[0910/113033.729:INFO:CONSOLE(343)] "FTS:Indexer:indexQueuedBatch: Completed batch", source: https://static.whatsapp.net/rsrc.php/v3/ys/r/8Gg2mHtqDvx.js?_nc_x=Ij3Wp8lg5Kz (343)
[0910/113033.730:INFO:CONSOLE(343)] "FTS:Indexer:indexQueuedBatch: Completed", source: https://static.whatsapp.net/rsrc.php/v3/ys/r/8Gg2mHtqDvx.js?_nc_x=Ij3Wp8lg5Kz (343)
[0910/113036.985:INFO:CONSOLE(343)] "FTS:Indexer:indexQueuedBatch: Starting new batch size : 1000", source: https://static.whatsapp.net/rsrc.php/v3/ys/r/8Gg2mHtqDvx.js?_nc_x=Ij3Wp8lg5Kz (343)
[0910/113036.993:INFO:CONSOLE(343)] "FTS:Indexer:indexQueuedBatch: Completed batch", source: https://static.whatsapp.net/rsrc.php/v3/ys/r/8Gg2mHtqDvx.js?_nc_x=Ij3Wp8lg5Kz (343)
[0910/113037.010:INFO:CONSOLE(343)] "FTS:Indexer:indexQueuedBatch: Completed", source: https://static.whatsapp.net/rsrc.php/v3/ys/r/8Gg2mHtqDvx.js?_nc_x=Ij3Wp8lg5Kz (343)
[0910/113044.248:INFO:CONSOLE(343)] "FTS:Indexer:indexQueuedBatch: Starting new batch size : 1000", source: https://static.whatsapp.net/rsrc.php/v3/ys/r/8Gg2mHtqDvx.js?_nc_x=Ij3Wp8lg5Kz (343)
[0910/113044.254:INFO:CONSOLE(343)] "FTS:Indexer:indexQueuedBatch: Completed batch", source: https://static.whatsapp.net/rsrc.php/v3/ys/r/8Gg2mHtqDvx.js?_nc_x=Ij3Wp8lg5Kz (343)
[0910/113044.259:INFO:CONSOLE(343)] "FTS:Indexer:indexQueuedBatch: Completed", source: https://static.whatsapp.net/rsrc.php/v3/ys/r/8Gg2mHtqDvx.js?_nc_x=Ij3Wp8lg5Kz (343)
[0910/113058.830:INFO:CONSOLE(343)] "FTS:Indexer:indexQueuedBatch: Starting new batch size : 1000", source: https://static.whatsapp.net/rsrc.php/v3/ys/r/8Gg2mHtqDvx.js?_nc_x=Ij3Wp8lg5Kz (343)
[0910/113058.835:INFO:CONSOLE(343)] "FTS:Indexer:indexQueuedBatch: Completed batch", source: https://static.whatsapp.net/rsrc.php/v3/ys/r/8Gg2mHtqDvx.js?_nc_x=Ij3Wp8lg5Kz (343)
[0910/113058.839:INFO:CONSOLE(343)] "FTS:Indexer:indexQueuedBatch: Completed", source: https://static.whatsapp.net/rsrc.php/v3/ys/r/8Gg2mHtqDvx.js?_nc_x=Ij3Wp8lg5Kz (343)
[0910/113100.214:INFO:CONSOLE(343)] "FTS:Indexer:indexQueuedBatch: Starting new batch size : 1000", source: https://static.whatsapp.net/rsrc.php/v3/ys/r/8Gg2mHtqDvx.js?_nc_x=Ij3Wp8lg5Kz (343)
[0910/113100.220:INFO:CONSOLE(343)] "FTS:Indexer:indexQueuedBatch: Completed batch", source: https://static.whatsapp.net/rsrc.php/v3/ys/r/8Gg2mHtqDvx.js?_nc_x=Ij3Wp8lg5Kz (343)
[0910/113100.223:INFO:CONSOLE(343)] "FTS:Indexer:indexQueuedBatch: Completed", source: https://static.whatsapp.net/rsrc.php/v3/ys/r/8Gg2mHtqDvx.js?_nc_x=Ij3Wp8lg5Kz (343)
[0910/113100.299:INFO:CONSOLE(343)] "FTS:Indexer:indexQueuedBatch: Starting new batch size : 1000", source: https://static.whatsapp.net/rsrc.php/v3/ys/r/8Gg2mHtqDvx.js?_nc_x=Ij3Wp8lg5Kz (343)
[0910/113100.304:INFO:CONSOLE(343)] "FTS:Indexer:indexQueuedBatch: Completed batch", source: https://static.whatsapp.net/rsrc.php/v3/ys/r/8Gg2mHtqDvx.js?_nc_x=Ij3Wp8lg5Kz (343)
[0910/113100.307:INFO:CONSOLE(343)] "FTS:Indexer:indexQueuedBatch: Completed", source: https://static.whatsapp.net/rsrc.php/v3/ys/r/8Gg2mHtqDvx.js?_nc_x=Ij3Wp8lg5Kz (343)
[0910/113107.512:INFO:CONSOLE(343)] "FTS:Indexer:indexQueuedBatch: Starting new batch size : 1000", source: https://static.whatsapp.net/rsrc.php/v3/ys/r/8Gg2mHtqDvx.js?_nc_x=Ij3Wp8lg5Kz (343)
[0910/113107.517:INFO:CONSOLE(343)] "FTS:Indexer:indexQueuedBatch: Completed batch", source: https://static.whatsapp.net/rsrc.php/v3/ys/r/8Gg2mHtqDvx.js?_nc_x=Ij3Wp8lg5Kz (343)
[0910/113107.520:INFO:CONSOLE(343)] "FTS:Indexer:indexQueuedBatch: Completed", source: https://static.whatsapp.net/rsrc.php/v3/ys/r/8Gg2mHtqDvx.js?_nc_x=Ij3Wp8lg5Kz (343)
[0910/113107.567:INFO:CONSOLE(343)] "FTS:Indexer:indexQueuedBatch: Starting new batch size : 1000", source: https://static.whatsapp.net/rsrc.php/v3/ys/r/8Gg2mHtqDvx.js?_nc_x=Ij3Wp8lg5Kz (343)
[0910/113107.588:INFO:CONSOLE(343)] "FTS:Indexer:indexQueuedBatch: Completed batch", source: https://static.whatsapp.net/rsrc.php/v3/ys/r/8Gg2mHtqDvx.js?_nc_x=Ij3Wp8lg5Kz (343)
[0910/113107.602:INFO:CONSOLE(343)] "FTS:Indexer:indexQueuedBatch: Completed", source: https://static.whatsapp.net/rsrc.php/v3/ys/r/8Gg2mHtqDvx.js?_nc_x=Ij3Wp8lg5Kz (343)
[0910/113113.995:INFO:CONSOLE(343)] "FTS:Indexer:indexQueuedBatch: Starting new batch size : 1000", source: https://static.whatsapp.net/rsrc.php/v3/ys/r/8Gg2mHtqDvx.js?_nc_x=Ij3Wp8lg5Kz (343)
[0910/113114.002:INFO:CONSOLE(343)] "FTS:Indexer:indexQueuedBatch: Completed batch", source: https://static.whatsapp.net/rsrc.php/v3/ys/r/8Gg2mHtqDvx.js?_nc_x=Ij3Wp8lg5Kz (343)
[0910/113114.004:INFO:CONSOLE(343)] "FTS:Indexer:indexQueuedBatch: Completed", source: https://static.whatsapp.net/rsrc.php/v3/ys/r/8Gg2mHtqDvx.js?_nc_x=Ij3Wp8lg5Kz (343)
[0910/113120.943:INFO:CONSOLE(343)] "FTS:Indexer:indexQueuedBatch: Starting new batch size : 1000", source: https://static.whatsapp.net/rsrc.php/v3/ys/r/8Gg2mHtqDvx.js?_nc_x=Ij3Wp8lg5Kz (343)
[0910/113120.948:INFO:CONSOLE(343)] "FTS:Indexer:indexQueuedBatch: Completed batch", source: https://static.whatsapp.net/rsrc.php/v3/ys/r/8Gg2mHtqDvx.js?_nc_x=Ij3Wp8lg5Kz (343)
[0910/113120.951:INFO:CONSOLE(343)] "FTS:Indexer:indexQueuedBatch: Completed", source: https://static.whatsapp.net/rsrc.php/v3/ys/r/8Gg2mHtqDvx.js?_nc_x=Ij3Wp8lg5Kz (343)
[0910/113127.552:INFO:CONSOLE(343)] "FTS:Indexer:indexQueuedBatch: Starting new batch size : 1000", source: https://static.whatsapp.net/rsrc.php/v3/ys/r/8Gg2mHtqDvx.js?_nc_x=Ij3Wp8lg5Kz (343)
[0910/113127.557:INFO:CONSOLE(343)] "FTS:Indexer:indexQueuedBatch: Completed batch", source: https://static.whatsapp.net/rsrc.php/v3/ys/r/8Gg2mHtqDvx.js?_nc_x=Ij3Wp8lg5Kz (343)
[0910/113127.560:INFO:CONSOLE(343)] "FTS:Indexer:indexQueuedBatch: Completed", source: https://static.whatsapp.net/rsrc.php/v3/ys/r/8Gg2mHtqDvx.js?_nc_x=Ij3Wp8lg5Kz (343)
[0910/113128.790:INFO:CONSOLE(343)] "FTS:Indexer:indexQueuedBatch: Starting new batch size : 1000", source: https://static.whatsapp.net/rsrc.php/v3/ys/r/8Gg2mHtqDvx.js?_nc_x=Ij3Wp8lg5Kz (343)
[0910/113128.795:INFO:CONSOLE(343)] "FTS:Indexer:indexQueuedBatch: Completed batch", source: https://static.whatsapp.net/rsrc.php/v3/ys/r/8Gg2mHtqDvx.js?_nc_x=Ij3Wp8lg5Kz (343)
[0910/113128.798:INFO:CONSOLE(343)] "FTS:Indexer:indexQueuedBatch: Completed", source: https://static.whatsapp.net/rsrc.php/v3/ys/r/8Gg2mHtqDvx.js?_nc_x=Ij3Wp8lg5Kz (343)
[0910/113130.063:INFO:CONSOLE(343)] "FTS:Indexer:indexQueuedBatch: Starting new batch size : 1000", source: https://static.whatsapp.net/rsrc.php/v3/ys/r/8Gg2mHtqDvx.js?_nc_x=Ij3Wp8lg5Kz (343)
[0910/113130.068:INFO:CONSOLE(343)] "FTS:Indexer:indexQueuedBatch: Completed batch", source: https://static.whatsapp.net/rsrc.php/v3/ys/r/8Gg2mHtqDvx.js?_nc_x=Ij3Wp8lg5Kz (343)
[0910/113130.071:INFO:CONSOLE(343)] "FTS:Indexer:indexQueuedBatch: Completed", source: https://static.whatsapp.net/rsrc.php/v3/ys/r/8Gg2mHtqDvx.js?_nc_x=Ij3Wp8lg5Kz (343)
[0910/113130.116:INFO:CONSOLE(343)] "FTS:Indexer:indexQueuedBatch: Starting new batch size : 1000", source: https://static.whatsapp.net/rsrc.php/v3/ys/r/8Gg2mHtqDvx.js?_nc_x=Ij3Wp8lg5Kz (343)
[0910/113130.139:INFO:CONSOLE(343)] "FTS:Indexer:indexQueuedBatch: Completed batch", source: https://static.whatsapp.net/rsrc.php/v3/ys/r/8Gg2mHtqDvx.js?_nc_x=Ij3Wp8lg5Kz (343)
[0910/113130.144:INFO:CONSOLE(343)] "FTS:Indexer:indexQueuedBatch: Completed", source: https://static.whatsapp.net/rsrc.php/v3/ys/r/8Gg2mHtqDvx.js?_nc_x=Ij3Wp8lg5Kz (343)
[0910/113138.614:INFO:CONSOLE(343)] "FTS:Indexer:indexQueuedBatch: Starting new batch size : 1000", source: https://static.whatsapp.net/rsrc.php/v3/ys/r/8Gg2mHtqDvx.js?_nc_x=Ij3Wp8lg5Kz (343)
[0910/113138.619:INFO:CONSOLE(343)] "FTS:Indexer:indexQueuedBatch: Completed batch", source: https://static.whatsapp.net/rsrc.php/v3/ys/r/8Gg2mHtqDvx.js?_nc_x=Ij3Wp8lg5Kz (343)
[0910/113138.622:INFO:CONSOLE(343)] "FTS:Indexer:indexQueuedBatch: Completed", source: https://static.whatsapp.net/rsrc.php/v3/ys/r/8Gg2mHtqDvx.js?_nc_x=Ij3Wp8lg5Kz (343)
[0910/113147.196:INFO:CONSOLE(343)] "FTS:Indexer:indexQueuedBatch: Starting new batch size : 1000", source: https://static.whatsapp.net/rsrc.php/v3/ys/r/8Gg2mHtqDvx.js?_nc_x=Ij3Wp8lg5Kz (343)
[0910/113147.200:INFO:CONSOLE(343)] "FTS:Indexer:indexQueuedBatch: Completed batch", source: https://static.whatsapp.net/rsrc.php/v3/ys/r/8Gg2mHtqDvx.js?_nc_x=Ij3Wp8lg5Kz (343)
[0910/113147.204:INFO:CONSOLE(343)] "FTS:Indexer:indexQueuedBatch: Completed", source: https://static.whatsapp.net/rsrc.php/v3/ys/r/8Gg2mHtqDvx.js?_nc_x=Ij3Wp8lg5Kz (343)
[0910/113148.147:INFO:CONSOLE(343)] "FTS:Indexer:indexQueuedBatch: Starting new batch size : 1000", source: https://static.whatsapp.net/rsrc.php/v3/ys/r/8Gg2mHtqDvx.js?_nc_x=Ij3Wp8lg5Kz (343)
[0910/113148.156:INFO:CONSOLE(343)] "FTS:Indexer:indexQueuedBatch: Completed batch", source: https://static.whatsapp.net/rsrc.php/v3/ys/r/8Gg2mHtqDvx.js?_nc_x=Ij3Wp8lg5Kz (343)
[0910/113148.172:INFO:CONSOLE(343)] "FTS:Indexer:indexQueuedBatch: Completed", source: https://static.whatsapp.net/rsrc.php/v3/ys/r/8Gg2mHtqDvx.js?_nc_x=Ij3Wp8lg5Kz (343)
[0910/113152.728:INFO:CONSOLE(343)] "FTS:Indexer:indexQueuedBatch: Starting new batch size : 1000", source: https://static.whatsapp.net/rsrc.php/v3/ys/r/8Gg2mHtqDvx.js?_nc_x=Ij3Wp8lg5Kz (343)
[0910/113152.732:INFO:CONSOLE(343)] "FTS:Indexer:indexQueuedBatch: Completed batch", source: https://static.whatsapp.net/rsrc.php/v3/ys/r/8Gg2mHtqDvx.js?_nc_x=Ij3Wp8lg5Kz (343)
[0910/113152.735:INFO:CONSOLE(343)] "FTS:Indexer:indexQueuedBatch: Completed", source: https://static.whatsapp.net/rsrc.php/v3/ys/r/8Gg2mHtqDvx.js?_nc_x=Ij3Wp8lg5Kz (343)
[0910/113951.207:INFO:CONSOLE(343)] "FTS:Indexer:indexQueuedBatch: Starting new batch size : 1000", source: https://static.whatsapp.net/rsrc.php/v3/ys/r/8Gg2mHtqDvx.js?_nc_x=Ij3Wp8lg5Kz (343)
[0910/113951.213:INFO:CONSOLE(343)] "FTS:Indexer:indexQueuedBatch: Completed", source: https://static.whatsapp.net/rsrc.php/v3/ys/r/8Gg2mHtqDvx.js?_nc_x=Ij3Wp8lg5Kz (343)
[0910/113951.632:INFO:CONSOLE(150)] "Event handler of 'x-storagemutated-1' event must be added on the initial evaluation of worker script.", source: https://static.whatsapp.net/rsrc.php/v3/ym/r/ljvHD2HLQ-p.js?_nc_x=Ij3Wp8lg5Kz (150)
