[0909/120503.735:INFO:CONSOLE(150)] "Event handler of 'x-storagemutated-1' event must be added on the initial evaluation of worker script.", source: https://static.whatsapp.net/rsrc.php/v3/yL/r/Z0TPhS0RCj5.js?_nc_x=Ij3Wp8lg5Kz (150)
[0909/120506.751:INFO:CONSOLE(0)] "Error with Permissions-Policy header: Feature xr-spatial-tracking's parameters are ignored.", source:  (0)
[0909/120506.751:INFO:CONSOLE(0)] "Error with Permissions-Policy header: Origin trial controlled feature not enabled: 'attribution-reporting'.", source:  (0)
[0909/120506.751:INFO:CONSOLE(0)] "Error with Permissions-Policy header: Unrecognized feature: 'compute-pressure'.", source:  (0)
[0909/120506.751:INFO:CONSOLE(0)] "Error with Permissions-Policy header: Origin trial controlled feature not enabled: 'interest-cohort'.", source:  (0)
[0909/120506.753:INFO:CONSOLE(0)] "Error with Permissions-Policy header: Unrecognized feature: 'private-state-token-issuance'.", source:  (0)
[0909/120506.753:INFO:CONSOLE(0)] "Error with Permissions-Policy header: Origin trial controlled feature not enabled: 'shared-storage'.", source:  (0)
[0909/120506.753:INFO:CONSOLE(0)] "Error with Permissions-Policy header: Unrecognized feature: 'shared-storage-select-url'.", source:  (0)
[0909/120506.753:INFO:CONSOLE(0)] "Error with Permissions-Policy header: Unrecognized feature: 'private-state-token-redemption'.", source:  (0)
[0909/120506.753:INFO:CONSOLE(0)] "Error with Permissions-Policy header: Unrecognized feature: 'unload'.", source:  (0)
[0909/120506.753:INFO:CONSOLE(0)] "Error with Permissions-Policy header: Unrecognized feature: 'window-management'.", source:  (0)
[0909/120508.523:INFO:CONSOLE(150)] "Event handler of 'x-storagemutated-1' event must be added on the initial evaluation of worker script.", source: https://static.whatsapp.net/rsrc.php/v3/yL/r/Z0TPhS0RCj5.js?_nc_x=Ij3Wp8lg5Kz (150)
[0909/120510.204:INFO:CONSOLE(342)] "WAWebLoggerWorker initialized", source: https://static.whatsapp.net/rsrc.php/v3/yw/r/4Nb4oyv3XvH.js?_nc_x=Ij3Wp8lg5Kz (342)
[0909/120510.206:INFO:CONSOLE(342)] "[storage] start setSchemaVersions from fts worker interface", source: https://static.whatsapp.net/rsrc.php/v3/yw/r/4Nb4oyv3XvH.js?_nc_x=Ij3Wp8lg5Kz (342)
[0909/120510.207:INFO:CONSOLE(342)] "[storage] set schema versions: [model-storage,158,fts-storage,8,jobs-storage,1,lru-media-storage-idb,2,offd-storage,4,qpl-storage,0,signal-storage,6,worker-storage,1,sw,2,wawc,14,wawc_db_enc,2]. is worker? true", source: https://static.whatsapp.net/rsrc.php/v3/yw/r/4Nb4oyv3XvH.js?_nc_x=Ij3Wp8lg5Kz (342)
[0909/120513.777:INFO:CONSOLE(342)] "FTS:Delegate: start indexer", source: https://static.whatsapp.net/rsrc.php/v3/yw/r/4Nb4oyv3XvH.js?_nc_x=Ij3Wp8lg5Kz (342)
[0909/120513.777:INFO:CONSOLE(342)] "FTS:Delegate: start perform init", source: https://static.whatsapp.net/rsrc.php/v3/yw/r/4Nb4oyv3XvH.js?_nc_x=Ij3Wp8lg5Kz (342)
[0909/120513.777:INFO:CONSOLE(342)] "FTS:Delegate: schema versions ready", source: https://static.whatsapp.net/rsrc.php/v3/yw/r/4Nb4oyv3XvH.js?_nc_x=Ij3Wp8lg5Kz (342)
[0909/120513.777:INFO:CONSOLE(342)] "FTS:Delegate: before db initialization", source: https://static.whatsapp.net/rsrc.php/v3/yw/r/4Nb4oyv3XvH.js?_nc_x=Ij3Wp8lg5Kz (342)
[0909/120515.768:INFO:CONSOLE(342)] "FTS:Delegate: after db initialization", source: https://static.whatsapp.net/rsrc.php/v3/yw/r/4Nb4oyv3XvH.js?_nc_x=Ij3Wp8lg5Kz (342)
[0909/120515.768:INFO:CONSOLE(342)] "FTS:Manifest Writer: No changes made, current:['3.1', '1'], latest:['3.1', '1']", source: https://static.whatsapp.net/rsrc.php/v3/yw/r/4Nb4oyv3XvH.js?_nc_x=Ij3Wp8lg5Kz (342)
[0909/120515.768:INFO:CONSOLE(342)] "FTS:Delegate: Inited", source: https://static.whatsapp.net/rsrc.php/v3/yw/r/4Nb4oyv3XvH.js?_nc_x=Ij3Wp8lg5Kz (342)
[0909/120515.768:INFO:CONSOLE(342)] "FTS:Delegate: Init indexing ops", source: https://static.whatsapp.net/rsrc.php/v3/yw/r/4Nb4oyv3XvH.js?_nc_x=Ij3Wp8lg5Kz (342)
[0909/120515.768:INFO:CONSOLE(342)] "FTS:Indexer:indexQueuedBatch: Starting new batch size : 1000", source: https://static.whatsapp.net/rsrc.php/v3/yw/r/4Nb4oyv3XvH.js?_nc_x=Ij3Wp8lg5Kz (342)
[0909/120543.129:INFO:CONSOLE(342)] "FTS:Indexer:indexQueuedBatch: Completed batch", source: https://static.whatsapp.net/rsrc.php/v3/yw/r/4Nb4oyv3XvH.js?_nc_x=Ij3Wp8lg5Kz (342)
[0909/120543.231:INFO:CONSOLE(342)] "FTS:Indexer:indexQueuedBatch: Completed", source: https://static.whatsapp.net/rsrc.php/v3/yw/r/4Nb4oyv3XvH.js?_nc_x=Ij3Wp8lg5Kz (342)
[0909/120704.343:INFO:CONSOLE(342)] "FTS:Indexer:indexQueuedBatch: Starting new batch size : 1000", source: https://static.whatsapp.net/rsrc.php/v3/yw/r/4Nb4oyv3XvH.js?_nc_x=Ij3Wp8lg5Kz (342)
[0909/120704.357:INFO:CONSOLE(342)] "FTS:Indexer:indexQueuedBatch: Completed", source: https://static.whatsapp.net/rsrc.php/v3/yw/r/4Nb4oyv3XvH.js?_nc_x=Ij3Wp8lg5Kz (342)
[0909/120704.390:INFO:CONSOLE(342)] "FTS:Indexer:indexQueuedBatch: Starting new batch size : 1000", source: https://static.whatsapp.net/rsrc.php/v3/yw/r/4Nb4oyv3XvH.js?_nc_x=Ij3Wp8lg5Kz (342)
[0909/120704.390:INFO:CONSOLE(342)] "FTS:Indexer:indexQueuedBatch: Completed batch", source: https://static.whatsapp.net/rsrc.php/v3/yw/r/4Nb4oyv3XvH.js?_nc_x=Ij3Wp8lg5Kz (342)
[0909/120704.393:INFO:CONSOLE(342)] "FTS:Indexer:indexQueuedBatch: Completed", source: https://static.whatsapp.net/rsrc.php/v3/yw/r/4Nb4oyv3XvH.js?_nc_x=Ij3Wp8lg5Kz (342)
[0909/121012.550:INFO:CONSOLE(344)] "Failed to parse video contentType: video/mp4; codecs=avc1.42000a", source: https://static.whatsapp.net/rsrc.php/v3iNs54/y8/l/rt/thaU7lZbew2.js?_nc_x=Ij3Wp8lg5Kz (344)
[0909/121012.550:INFO:CONSOLE(344)] "Failed to parse video contentType: video/mp4; codecs=hev1.1.6.L93.B0", source: https://static.whatsapp.net/rsrc.php/v3iNs54/y8/l/rt/thaU7lZbew2.js?_nc_x=Ij3Wp8lg5Kz (344)
[0909/121018.379:INFO:CONSOLE(150)] "Event handler of 'x-storagemutated-1' event must be added on the initial evaluation of worker script.", source: https://static.whatsapp.net/rsrc.php/v3/yL/r/Z0TPhS0RCj5.js?_nc_x=Ij3Wp8lg5Kz (150)
